  -50.000000000000000        0.0000000000000000     
  -49.000000000000000        46.000000000000000     
  -48.000000000000000        44.000000000000000     
  -47.000000000000000        54.000000000000000     
  -46.000000000000000        75.000000000000000     
  -45.000000000000000        92.000000000000000     
  -44.000000000000000        109.00000000000000     
  -43.000000000000000        128.00000000000000     
  -42.000000000000000        143.00000000000000     
  -41.000000000000000        165.00000000000000     
  -40.000000000000000        220.00000000000000     
  -39.000000000000000        235.00000000000000     
  -38.000000000000000        320.00000000000000     
  -37.000000000000000        352.00000000000000     
  -36.000000000000000        403.00000000000000     
  -35.000000000000000        453.00000000000000     
  -34.000000000000000        554.00000000000000     
  -33.000000000000000        586.00000000000000     
  -32.000000000000000        619.00000000000000     
  -31.000000000000000        719.00000000000000     
  -30.000000000000000        750.00000000000000     
  -29.000000000000000        843.00000000000000     
  -28.000000000000000        1022.0000000000000     
  -27.000000000000000        1035.0000000000000     
  -26.000000000000000        1128.0000000000000     
  -25.000000000000000        1272.0000000000000     
  -24.000000000000000        1274.0000000000000     
  -23.000000000000000        1420.0000000000000     
  -22.000000000000000        1440.0000000000000     
  -21.000000000000000        1492.0000000000000     
  -20.000000000000000        1580.0000000000000     
  -19.000000000000000        1644.0000000000000     
  -18.000000000000000        1780.0000000000000     
  -17.000000000000000        1657.0000000000000     
  -16.000000000000000        1697.0000000000000     
  -15.000000000000000        1745.0000000000000     
  -14.000000000000000        1759.0000000000000     
  -13.000000000000000        1756.0000000000000     
  -12.000000000000000        1718.0000000000000     
  -11.000000000000000        1779.0000000000000     
  -10.000000000000000        1640.0000000000000     
  -9.0000000000000000        1568.0000000000000     
  -8.0000000000000000        1575.0000000000000     
  -7.0000000000000000        1570.0000000000000     
  -6.0000000000000000        1472.0000000000000     
  -5.0000000000000000        1407.0000000000000     
  -4.0000000000000000        1354.0000000000000     
  -3.0000000000000000        1373.0000000000000     
  -2.0000000000000000        1380.0000000000000     
  -1.0000000000000000        1360.0000000000000     
   0.0000000000000000        1291.0000000000000     
   1.0000000000000000        1259.0000000000000     
   2.0000000000000000        1300.0000000000000     
   3.0000000000000000        1350.0000000000000     
   4.0000000000000000        1436.0000000000000     
   5.0000000000000000        1381.0000000000000     
   6.0000000000000000        1393.0000000000000     
   7.0000000000000000        1501.0000000000000     
   8.0000000000000000        1565.0000000000000     
   9.0000000000000000        1592.0000000000000     
   10.000000000000000        1556.0000000000000     
   11.000000000000000        1678.0000000000000     
   12.000000000000000        1678.0000000000000     
   13.000000000000000        1709.0000000000000     
   14.000000000000000        1739.0000000000000     
   15.000000000000000        1784.0000000000000     
   16.000000000000000        1726.0000000000000     
   17.000000000000000        1762.0000000000000     
   18.000000000000000        1728.0000000000000     
   19.000000000000000        1680.0000000000000     
   20.000000000000000        1634.0000000000000     
   21.000000000000000        1532.0000000000000     
   22.000000000000000        1473.0000000000000     
   23.000000000000000        1417.0000000000000     
   24.000000000000000        1375.0000000000000     
   25.000000000000000        1199.0000000000000     
   26.000000000000000        1226.0000000000000     
   27.000000000000000        1134.0000000000000     
   28.000000000000000        1099.0000000000000     
   29.000000000000000        991.00000000000000     
   30.000000000000000        944.00000000000000     
   31.000000000000000        788.00000000000000     
   32.000000000000000        683.00000000000000     
   33.000000000000000        664.00000000000000     
   34.000000000000000        564.00000000000000     
   35.000000000000000        528.00000000000000     
   36.000000000000000        428.00000000000000     
   37.000000000000000        367.00000000000000     
   38.000000000000000        366.00000000000000     
   39.000000000000000        283.00000000000000     
   40.000000000000000        257.00000000000000     
   41.000000000000000        205.00000000000000     
   42.000000000000000        188.00000000000000     
   43.000000000000000        173.00000000000000     
   44.000000000000000        133.00000000000000     
   45.000000000000000        103.00000000000000     
   46.000000000000000        93.000000000000000     
   47.000000000000000        82.000000000000000     
   48.000000000000000        67.000000000000000     
   49.000000000000000        48.000000000000000     
   50.000000000000000        41.000000000000000     
