This is pdfTeXk, Version 3.141592-1.40.3 (Web2C 7.5.6) (format=pdflatex 2011.8.27)  21 FEB 2013 19:01
entering extended mode
 %&-line parsing enabled.
**Analisis.tex
(./Analisis.tex
LaTeX2e <2005/12/01>
Babel <v3.8h> and hyphenation patterns for english, usenglishmax, dumylang, noh
yphenation, arabic, basque, bulgarian, coptic, welsh, czech, slovak, german, ng
erman, danish, esperanto, spanish, catalan, galician, estonian, farsi, finnish,
 french, greek, monogreek, ancientgreek, croatian, hungarian, interlingua, ibyc
us, indonesian, icelandic, italian, latin, mongolian, dutch, norsk, polish, por
tuguese, pinyin, romanian, russian, slovenian, uppersorbian, serbian, swedish, 
turkish, ukenglish, ukrainian, loaded.
(./mn2e.cls
Document Class: mn2e 2001/02/06 v2.2 LaTeX2e MN document class
Document Style `MN' v2.2, released 2001 February 20
\math@groups=\toks14
LaTeX Font Info:    Overwriting symbol font `symbols' in version `bold'
(Font)                  OMS/cmsy/b/n --> OMS/cmsy/b/n on input line 223.
\symbmisymbols=\mathgroup4
\SFB@measure=\dimen102
\realparindent=\skip41
\c@part=\count79
\c@section=\count80
\c@subsection=\count81
\c@subsubsection=\count82
\c@paragraph=\count83
\c@subparagraph=\count84
\@indentskip=\skip42
\smallindent=\skip43
\@footindent=\skip44
\@leftskip=\skip45
\c@dummy=\count85
(/usr/share/texmf/tex/latex/natbib/natbib.sty
Package: natbib 2007/02/05 8.0 (PWD)
\bibhang=\skip46
\bibsep=\skip47
LaTeX Info: Redefining \cite on input line 602.
\c@NAT@ctr=\count86
)
\c@table=\count87
\c@figure=\count88
\mathindent=\dimen103
)
(/usr/share/texmf/tex/latex/amsmath/amsmath.sty
Package: amsmath 2000/07/18 v2.13 AMS math features
\@mathmargin=\skip48

For additional information on amsmath, use the `?' option.
(/usr/share/texmf/tex/latex/amsmath/amstext.sty
Package: amstext 2000/06/29 v2.01

(/usr/share/texmf/tex/latex/amsmath/amsgen.sty
File: amsgen.sty 1999/11/30 v2.0
\@emptytoks=\toks15
\ex@=\dimen104
))
(/usr/share/texmf/tex/latex/amsmath/amsbsy.sty
Package: amsbsy 1999/11/29 v1.2d
\pmbraise@=\dimen105
)
(/usr/share/texmf/tex/latex/amsmath/amsopn.sty
Package: amsopn 1999/12/14 v2.01 operator names
)
\inf@bad=\count89
LaTeX Info: Redefining \frac on input line 211.
\uproot@=\count90
\leftroot@=\count91
LaTeX Info: Redefining \overline on input line 307.
\classnum@=\count92
\DOTSCASE@=\count93
LaTeX Info: Redefining \ldots on input line 379.
LaTeX Info: Redefining \dots on input line 382.
LaTeX Info: Redefining \cdots on input line 467.
\Mathstrutbox@=\box26
\strutbox@=\box27
\big@size=\dimen106
LaTeX Font Info:    Redeclaring font encoding OML on input line 567.
LaTeX Font Info:    Redeclaring font encoding OMS on input line 568.
\macc@depth=\count94
\c@MaxMatrixCols=\count95
\dotsspace@=\muskip10
\c@parentequation=\count96
\dspbrk@lvl=\count97
\tag@help=\toks16
\row@=\count98
\column@=\count99
\maxfields@=\count100
\andhelp@=\toks17
\eqnshift@=\dimen107
\alignsep@=\dimen108
\tagshift@=\dimen109
\tagwidth@=\dimen110
\totwidth@=\dimen111
\lineht@=\dimen112
\@envbody=\toks18
\multlinegap=\skip49
\multlinetaggap=\skip50
\mathdisplay@stack=\toks19
LaTeX Info: Redefining \[ on input line 2666.
LaTeX Info: Redefining \] on input line 2667.
)
(/usr/share/texmf/tex/latex/amsfonts/amssymb.sty
Package: amssymb 2002/01/22 v2.2d

(/usr/share/texmf/tex/latex/amsfonts/amsfonts.sty
Package: amsfonts 2001/10/25 v2.2f
\symAMSa=\mathgroup5
\symAMSb=\mathgroup6
LaTeX Font Info:    Overwriting math alphabet `\mathfrak' in version `bold'
(Font)                  U/euf/m/n --> U/euf/b/n on input line 132.
))
(/usr/share/texmf/tex/latex/graphics/graphics.sty
Package: graphics 2006/02/20 v1.0o Standard LaTeX Graphics (DPC,SPQR)

(/usr/share/texmf/tex/latex/graphics/trig.sty
Package: trig 1999/03/16 v1.09 sin cos tan (DPC)
)
(/usr/share/texmf/tex/latex/config/graphics.cfg
File: graphics.cfg 2007/01/18 v1.5 graphics configuration of teTeX/TeXLive
)
Package graphics Info: Driver file: pdftex.def on input line 90.

(/usr/share/texmf/tex/latex/pdftex-def/pdftex.def
File: pdftex.def 2007/01/08 v0.04d Graphics/color for pdfTeX
\Gread@gobject=\count101
))
(/usr/share/texmf/tex/latex/graphics/graphicx.sty
Package: graphicx 1999/02/16 v1.0f Enhanced LaTeX Graphics (DPC,SPQR)

(/usr/share/texmf/tex/latex/graphics/keyval.sty
Package: keyval 1999/03/16 v1.13 key=value parser (DPC)
\KV@toks@=\toks20
)
\Gin@req@height=\dimen113
\Gin@req@width=\dimen114
)
(/usr/share/texmf/tex/latex/graphics/epsfig.sty
Package: epsfig 1999/02/16 v1.7a (e)psfig emulation (SPQR)
\epsfxsize=\dimen115
\epsfysize=\dimen116
)
(/usr/share/texmf/tex/latex/float/float.sty
Package: float 2001/11/08 v1.3d Float enhancements (AL)
\c@float@type=\count102
\float@exts=\toks21
\float@box=\box28
\@float@everytoks=\toks22
\@floatcapt=\box29
)
(/usr/share/texmf/tex/latex/graphics/color.sty
Package: color 2005/11/14 v1.0j Standard LaTeX Color (DPC)

(/usr/share/texmf/tex/latex/config/color.cfg
File: color.cfg 2007/01/18 v1.5 color configuration of teTeX/TeXLive
)
Package color Info: Driver file: pdftex.def on input line 130.
)
Package color Info: Redefining color red on input line 15.
Package color Info: Redefining color blue on input line 17.

(/usr/share/texmf/tex/latex/ltxmisc/ulem.sty
\UL@box=\box30
\UL@hyphenbox=\box31
\UL@skip=\skip51
\UL@hook=\toks23
\UL@pe=\count103
\UL@pixel=\dimen117
\ULC@box=\box32
Package: ulem 2000/05/26
\ULdepth=\dimen118
) (./Analisis.aux)
\openout1 = `Analisis.aux'.

LaTeX Font Info:    Checking defaults for OML/cmm/m/it on input line 63.
LaTeX Font Info:    ... okay on input line 63.
LaTeX Font Info:    Checking defaults for T1/cmr/m/n on input line 63.
LaTeX Font Info:    ... okay on input line 63.
LaTeX Font Info:    Checking defaults for OT1/cmr/m/n on input line 63.
LaTeX Font Info:    ... okay on input line 63.
LaTeX Font Info:    Checking defaults for OMS/cmsy/m/n on input line 63.
LaTeX Font Info:    ... okay on input line 63.
LaTeX Font Info:    Checking defaults for OMX/cmex/m/n on input line 63.
LaTeX Font Info:    ... okay on input line 63.
LaTeX Font Info:    Checking defaults for U/cmr/m/n on input line 63.
LaTeX Font Info:    ... okay on input line 63.
LaTeX Font Info:    Try loading font information for U+msa on input line 76.

(/usr/share/texmf/tex/latex/amsfonts/umsa.fd
File: umsa.fd 2002/01/19 v2.2g AMS font definitions
)
LaTeX Font Info:    Try loading font information for U+msb on input line 76.

(/usr/share/texmf/tex/latex/amsfonts/umsb.fd
File: umsb.fd 2002/01/19 v2.2g AMS font definitions
)
Overfull \hbox (9.39989pt too wide) in paragraph at lines 76--76
[][]  
 []


Underfull \hbox (badness 10000) in paragraph at lines 78--79

 []

<7tDifSpeedsZ.png, id=1, 578.16pt x 433.62pt>
File: 7tDifSpeedsZ.png Graphic file (type png)
 <use 7tDifSpeedsZ.png>
<7tHOMDifSpeeds1.png, id=2, 578.16pt x 433.62pt>
File: 7tHOMDifSpeeds1.png Graphic file (type png)
 <use 7tHOMDifSpeeds1.png>
<Observers.png, id=3, 433.62pt x 289.08pt>
File: Observers.png Graphic file (type png)
 <use Observers.png>
Underfull \vbox (badness 4595) has occurred while \output is active []

LaTeX Font Info:    Try loading font information for OMS+cmr on input line 212.


(/usr/share/texmf/tex/latex/base/omscmr.fd
File: omscmr.fd 1999/05/25 v2.5h Standard LaTeX font definitions
)
LaTeX Font Info:    Font shape `OMS/cmr/m/n' in size <8> not available
(Font)              Font shape `OMS/cmsy/m/n' tried instead on input line 212.
 [1{/usr/share/texmf/fonts/map/pdftex/updmap/pdftex.map}


 <./Observers.png>]
<maximumvsODDifSpeedsCentral.png, id=26, 433.62pt x 289.08pt>
File: maximumvsODDifSpeedsCentral.png Graphic file (type png)

<use maximumvsODDifSpeedsCentral.png>
<maximumvsODDifSpeedsHOM.png, id=27, 433.62pt x 289.08pt>
File: maximumvsODDifSpeedsHOM.png Graphic file (type png)

<use maximumvsODDifSpeedsHOM.png>
Underfull \hbox (badness 10000) in paragraph at lines 222--224
[][]
 []

<maximumvsvelocitiesDifODCentral.png, id=28, 433.62pt x 289.08pt>
File: maximumvsvelocitiesDifODCentral.png Graphic file (type png)

<use maximumvsvelocitiesDifODCentral.png>
<maximumvsvelocitiesDifODHOM.png, id=29, 433.62pt x 289.08pt>
File: maximumvsvelocitiesDifODHOM.png Graphic file (type png)

<use maximumvsvelocitiesDifODHOM.png>
Underfull \hbox (badness 10000) in paragraph at lines 229--231
[][]
 []


Underfull \hbox (badness 10000) in paragraph at lines 234--239

 []


Underfull \hbox (badness 10000) in paragraph at lines 247--254

 []

<Width7Central.png, id=30, 433.62pt x 289.08pt>
File: Width7Central.png Graphic file (type png)
 <use Width7Central.png>
<Width7Homogeneous.png, id=31, 433.62pt x 289.08pt>
File: Width7Homogeneous.png Graphic file (type png)

<use Width7Homogeneous.png> <Width6.png, id=32, 433.62pt x 289.08pt>
File: Width6.png Graphic file (type png)

<use Width6.png> <Width6HOM.png, id=33, 433.62pt x 289.08pt>
File: Width6HOM.png Graphic file (type png)

<use Width6HOM.png> <Width5.png, id=34, 433.62pt x 289.08pt>
File: Width5.png Graphic file (type png)
 <use Width5.png>
<Width5HOM.png, id=35, 433.62pt x 289.08pt>
File: Width5HOM.png Graphic file (type png)
 <use Width5HOM.png>
Underfull \hbox (badness 10000) in paragraph at lines 266--271

 []

[2 <./7tDifSpeedsZ.png> <./7tHOMDifSpeeds1.png> <./maximumvsODDifSpeedsCentral.
png> <./maximumvsODDifSpeedsHOM.png>]
<WidthvsTheta.png, id=44, 433.62pt x 289.08pt>
File: WidthvsTheta.png Graphic file (type png)
 <use WidthvsTheta.png>
Underfull \hbox (badness 10000) in paragraph at lines 285--287

 []


Underfull \hbox (badness 10000) in paragraph at lines 292--295

 []

<FECentral5.png, id=45, 433.62pt x 289.08pt>
File: FECentral5.png Graphic file (type png)
 <use FECentral5.png>
<FEHOM5.png, id=46, 433.62pt x 289.08pt>
File: FEHOM5.png Graphic file (type png)
 <use FEHOM5.png>
<FECentral6.png, id=47, 433.62pt x 289.08pt>
File: FECentral6.png Graphic file (type png)
 <use FECentral6.png>
<FEHOM6.png, id=48, 433.62pt x 289.08pt>
File: FEHOM6.png Graphic file (type png)
 <use FEHOM6.png>
<FECentral7.png, id=49, 433.62pt x 289.08pt>
File: FECentral7.png Graphic file (type png)
 <use FECentral7.png>
<FEHOM7.png, id=50, 433.62pt x 289.08pt>
File: FEHOM7.png Graphic file (type png)
 <use FEHOM7.png>
Overfull \hbox (10.73643pt too wide) in paragraph at lines 329--336
 [] 
 []


Overfull \hbox (8.61974pt too wide) in paragraph at lines 342--349
 [] 
 []


Overfull \hbox (7.90306pt too wide) in paragraph at lines 355--362
 [] 
 []


Underfull \hbox (badness 10000) in paragraph at lines 366--367

 []


Underfull \vbox (badness 10000) has occurred while \output is active []

 [3 <./Width7Central.png> <./Width7Homogeneous.png> <./Width6.png> <./Width6HOM
.png> <./Width5.png> <./Width5HOM.png>]
Overfull \vbox (29.34627pt too high) has occurred while \output is active []


Underfull \hbox (badness 10000) in paragraph at lines 390--391

 []


Overfull \hbox (18.65279pt too wide) in paragraph at lines 394--409
 [] 
 []

[4 <./FECentral5.png> <./FEHOM5.png> <./FECentral6.png> <./FEHOM6.png> <./FECen
tral7.png> <./FEHOM7.png>]
Underfull \vbox (badness 10000) has occurred while \output is active []


Underfull \vbox (badness 10000) has occurred while \output is active []

 [5 <./maximumvsvelocitiesDifODCentral.png> <./maximumvsvelocitiesDifODHOM.png>
 <./WidthvsTheta.png>] (./Analisis.aux) ) 
Here is how much of TeX's memory you used:
 2369 strings out of 256216
 26944 string characters out of 1917072
 90243 words of memory out of 1500000
 5607 multiletter control sequences out of 10000+200000
 20550 words of font info for 76 fonts, out of 1200000 for 2000
 645 hyphenation exceptions out of 8191
 31i,12n,34p,645b,300s stack positions out of 5000i,500n,6000p,200000b,15000s
</usr/share/texmf/fonts/type1/bluesky/
cm/cmbx10.pfb></usr/share/texmf/fonts/type1/bluesky/cm/cmbx12.pfb></usr/share/t
exmf/fonts/type1/bluesky/cm/cmbx8.pfb></usr/share/texmf/fonts/type1/bluesky/cm/
cmbx9.pfb></usr/share/texmf/fonts/type1/bluesky/cm/cmmi12.pfb></usr/share/texmf
/fonts/type1/bluesky/cm/cmmi6.pfb></usr/share/texmf/fonts/type1/bluesky/cm/cmmi
8.pfb></usr/share/texmf/fonts/type1/bluesky/cm/cmmi9.pfb></usr/share/texmf/font
s/type1/bluesky/cm/cmr10.pfb></usr/share/texmf/fonts/type1/bluesky/cm/cmr12.pfb
></usr/share/texmf/fonts/type1/bluesky/cm/cmr6.pfb></usr/share/texmf/fonts/type
1/bluesky/cm/cmr8.pfb></usr/share/texmf/fonts/type1/bluesky/cm/cmr9.pfb></usr/s
hare/texmf/fonts/type1/bluesky/cm/cmsy6.pfb></usr/share/texmf/fonts/type1/blues
ky/cm/cmsy8.pfb></usr/share/texmf/fonts/type1/bluesky/cm/cmsy9.pfb></usr/share/
texmf/fonts/type1/bluesky/cm/cmti12.pfb></usr/share/texmf/fonts/type1/bluesky/c
m/cmti8.pfb></usr/share/texmf/fonts/type1/public/cmex/fmex8.pfb>
Output written on Analisis.pdf (5 pages, 553961 bytes).
PDF statistics:
 134 PDF objects out of 1000 (max. 8388607)
 0 named destinations out of 1000 (max. 131072)
 101 words of extra memory for PDF output out of 10000 (max. 10000000)

